<?xml version="1.0" encoding="UTF-8"?>
<!-- Generated by org.testng.reporters.JUnitReportReporter -->
<testsuite hostname="DESKTOP-6BH3IGI" failures="0" tests="1" name="demo4_schemavalidate.schemavalidate" time="1.933" errors="0" timestamp="2025-03-31T18:26:09 IST" skipped="0">
  <testcase classname="demo4_schemavalidate.schemavalidate" name="schemademo" time="1.933"/>
</testsuite> <!-- demo4_schemavalidate.schemavalidate -->
