<?xml version="1.0" encoding="UTF-8"?>
<!-- Generated by org.testng.reporters.JUnitReportReporter -->
<testsuite hostname="DESKTOP-TRT9UHG" failures="0" tests="4" name="demo1.HttpRequest" time="17.839" errors="0" timestamp="2025-03-29T22:55:36 IST" skipped="0">
  <testcase classname="demo1.HttpRequest" name="getuser" time="14.594"/>
  <testcase classname="demo1.HttpRequest" name="createuser" time="2.295"/>
  <testcase classname="demo1.HttpRequest" name="updateuser" time="0.501"/>
  <testcase classname="demo1.HttpRequest" name="deleteuser" time="0.449"/>
</testsuite> <!-- demo1.HttpRequest -->
