<?xml version="1.0" encoding="UTF-8"?>
<!-- Generated by org.testng.reporters.JUnitReportReporter -->
<testsuite hostname="DESKTOP-6BH3IGI" failures="0" tests="2" name="demo3_cookies_headers.headers" time="2.241" errors="0" timestamp="2025-03-31T18:04:07 IST" skipped="0">
  <testcase classname="demo3_cookies_headers.headers" name="testheaders" time="0.407"/>
  <testcase classname="demo3_cookies_headers.headers" name="getheaders" time="1.834"/>
</testsuite> <!-- demo3_cookies_headers.headers -->
