<?xml version="1.0" encoding="UTF-8"?>
<!-- Generated by org.testng.reporters.JUnitReportReporter -->
<testsuite hostname="DESKTOP-6BH3IGI" failures="0" tests="4" name="demo2_postrequests.hashmap" time="2.184" errors="0" timestamp="2025-03-31T13:08:57 IST" skipped="3">
  <testcase classname="demo2_postrequests.hashmap" name="createuser_jsonfile" time="2.184"/>
  <testcase classname="demo2_postrequests.hashmap" name="createuser">
    <skipped/>
  </testcase> <!-- createuser -->
  <testcase classname="demo2_postrequests.hashmap" name="createuser_json">
    <skipped/>
  </testcase> <!-- createuser_json -->
  <testcase classname="demo2_postrequests.hashmap" name="createuser_pojo">
    <skipped/>
  </testcase> <!-- createuser_pojo -->
</testsuite> <!-- demo2_postrequests.hashmap -->
