<?xml version="1.0" encoding="UTF-8"?>
<!-- Generated by org.testng.reporters.JUnitReportReporter -->
<testsuite hostname="DESKTOP-6BH3IGI" failures="0" tests="1" name="demo3_cookies_headers.path_query_param" time="2.212" errors="0" timestamp="2025-03-31T17:21:04 IST" skipped="0">
  <testcase classname="demo3_cookies_headers.path_query_param" name="getuser" time="2.212"/>
</testsuite> <!-- demo3_cookies_headers.path_query_param -->
