<?xml version="1.0" encoding="UTF-8"?>
<!-- Generated by org.testng.reporters.JUnitReportReporter -->
<testsuite hostname="DESKTOP-6BH3IGI" failures="0" tests="2" name="demo3_cookies_headers.cookies" time="1.842" errors="0" timestamp="2025-03-31T17:45:07 IST" skipped="1">
  <testcase classname="demo3_cookies_headers.cookies" name="getcookie_info" time="1.842"/>
  <testcase classname="demo3_cookies_headers.cookies" name="getcookies">
    <skipped/>
  </testcase> <!-- getcookies -->
</testsuite> <!-- demo3_cookies_headers.cookies -->
